<?xml version="1.0" encoding="UTF-8"?>
<testng-results skipped="0" failed="0" ignored="0" total="2" passed="2">
  <reporter-output>
  </reporter-output>
  <suite name="Default suite" duration-ms="65201" started-at="2020-04-14T16:03:15 IST" finished-at="2020-04-14T16:04:20 IST">
    <groups>
    </groups>
    <test name="Default test" duration-ms="65201" started-at="2020-04-14T16:03:15 IST" finished-at="2020-04-14T16:04:20 IST">
      <class name="academy.HomePage">
        <test-method status="PASS" signature="basePageNavigation(java.lang.String, java.lang.String, java.lang.String)[pri:0, instance:academy.HomePage@623a8092]" name="basePageNavigation" duration-ms="33733" started-at="2020-04-14T16:03:15 IST" data-provider="getdata" finished-at="2020-04-14T16:03:49 IST">
          <params>
            <param index="0">
              <value>
                <![CDATA[unrestrictedabc@mail.com]]>
              </value>
            </param>
            <param index="1">
              <value>
                <![CDATA[123456]]>
              </value>
            </param>
            <param index="2">
              <value>
                <![CDATA[unrestricted]]>
              </value>
            </param>
          </params>
          <reporter-output>
          </reporter-output>
        </test-method> <!-- basePageNavigation -->
        <test-method status="PASS" signature="basePageNavigation(java.lang.String, java.lang.String, java.lang.String)[pri:0, instance:academy.HomePage@623a8092]" name="basePageNavigation" duration-ms="29749" started-at="2020-04-14T16:03:49 IST" data-provider="getdata" finished-at="2020-04-14T16:04:19 IST">
          <params>
            <param index="0">
              <value>
                <![CDATA[restrictedabc@mail.com]]>
              </value>
            </param>
            <param index="1">
              <value>
                <![CDATA[123456]]>
              </value>
            </param>
            <param index="2">
              <value>
                <![CDATA[restricted]]>
              </value>
            </param>
          </params>
          <reporter-output>
          </reporter-output>
        </test-method> <!-- basePageNavigation -->
        <test-method status="PASS" signature="teardown()[pri:0, instance:academy.HomePage@623a8092]" name="teardown" is-config="true" duration-ms="1588" started-at="2020-04-14T16:04:19 IST" finished-at="2020-04-14T16:04:20 IST">
          <reporter-output>
          </reporter-output>
        </test-method> <!-- teardown -->
      </class> <!-- academy.HomePage -->
    </test> <!-- Default test -->
  </suite> <!-- Default suite -->
</testng-results>
